
INFO	****************** Start a BUSCO 2.0 analysis, current time: 06/08/2017 23:21:41 ******************
INFO	The lineage dataset is: eukaryota_odb9 (eukaryota)
INFO	Mode is: tran
INFO	To reproduce this run: python /home/jeremias/soft/busco/BUSCO.py -i /home/jeremias/dev/macpipe_trans/transrate/Macmini2_20170608.transrate/Macmini2_20170608.Trinity/good.Macmini2_20170608.Trinity.fasta -o Macmini2_20170608.good.busco -l /home/jeremias/soft/busco/eukaryota_odb9/ -m tran -c 14 -sp fly
INFO	Check dependencies...
INFO	Check input file...
INFO	Temp directory is ./tmp/
INFO	****** Step 1/2, current time: 06/08/2017 23:21:41 ******
INFO	Create blast database...
INFO	[makeblastdb]	Building a new DB, current time: 06/08/2017 23:21:42
INFO	[makeblastdb]	New DB name:   ./tmp/Macmini2_20170608.good.busco_1112534045
INFO	[makeblastdb]	New DB title:  /home/jeremias/dev/macpipe_trans/transrate/Macmini2_20170608.transrate/Macmini2_20170608.Trinity/good.Macmini2_20170608.Trinity.fasta
INFO	[makeblastdb]	Sequence type: Nucleotide
INFO	[makeblastdb]	Keep Linkouts: T
INFO	[makeblastdb]	Keep MBits: T
INFO	[makeblastdb]	Maximum file size: 1000000000B
INFO	[makeblastdb]	Adding sequences from FASTA; added 249 sequences in 0.023711 seconds.
INFO	Running tblastn, writing output to /home/jeremias/dev/macpipe_trans/run_Macmini2_20170608.good.busco/blast_output/tblastn_Macmini2_20170608.good.busco.tsv...
INFO	****** Step 2/2, current time: 06/08/2017 23:21:44 ******
INFO	Getting coordinates for candidate transcripts...
INFO	Extracting candidate transcripts...
INFO	Translating candidate transcripts...
INFO	Running HMMER to confirm transcript orthology:
INFO	06/08/2017 23:21:44 =>	0% of predictions performed (10 to be done)
INFO	06/08/2017 23:21:44 =>	100% of predictions performed
INFO	Results:
INFO	C:0.3%[S:0.3%,D:0.0%],F:1.3%,M:98.4%,n:303
INFO	1 Complete BUSCOs (C)
INFO	1 Complete and single-copy BUSCOs (S)
INFO	0 Complete and duplicated BUSCOs (D)
INFO	4 Fragmented BUSCOs (F)
INFO	298 Missing BUSCOs (M)
INFO	303 Total BUSCO groups searched

INFO	BUSCO analysis done. Total running time: 2.868711471557617 seconds
INFO	Results written in /home/jeremias/dev/macpipe_trans/run_Macmini2_20170608.good.busco/


INFO	****************** Start a BUSCO 2.0 analysis, current time: 06/16/2017 17:53:41 ******************
INFO	The lineage dataset is: eukaryota_odb9 (eukaryota)
INFO	Mode is: tran
INFO	To reproduce this run: python /home/jeremias/soft/busco/BUSCO.py -i /home/jeremias/dev/macpipe_trans/transrate/Macmini2_20170608.transrate/Macmini2_20170608.Trinity/good.Macmini2_20170608.Trinity.fasta -o Macmini2_20170608.good.busco -l /home/jeremias/soft/busco/eukaryota_odb9/ -m tran -c 14 -sp fly
INFO	Check dependencies...
INFO	Check input file...
INFO	Temp directory is ./tmp/
INFO	****** Step 1/2, current time: 06/16/2017 17:53:41 ******
INFO	Create blast database...
INFO	[makeblastdb]	Building a new DB, current time: 06/16/2017 17:53:41
INFO	[makeblastdb]	New DB name:   ./tmp/Macmini2_20170608.good.busco_2812070682
INFO	[makeblastdb]	New DB title:  /home/jeremias/dev/macpipe_trans/transrate/Macmini2_20170608.transrate/Macmini2_20170608.Trinity/good.Macmini2_20170608.Trinity.fasta
INFO	[makeblastdb]	Sequence type: Nucleotide
INFO	[makeblastdb]	Keep Linkouts: T
INFO	[makeblastdb]	Keep MBits: T
INFO	[makeblastdb]	Maximum file size: 1000000000B
INFO	[makeblastdb]	Adding sequences from FASTA; added 250 sequences in 0.024765 seconds.
INFO	Running tblastn, writing output to /home/jeremias/dev/macpipe_trans/run_Macmini2_20170608.good.busco/blast_output/tblastn_Macmini2_20170608.good.busco.tsv...
INFO	****** Step 2/2, current time: 06/16/2017 17:53:44 ******
INFO	Getting coordinates for candidate transcripts...
INFO	Extracting candidate transcripts...
INFO	Translating candidate transcripts...
INFO	Running HMMER to confirm transcript orthology:
INFO	06/16/2017 17:53:44 =>	0% of predictions performed (11 to be done)
INFO	06/16/2017 17:53:44 =>	10% of predictions performed (5/11 candidate proteins)
INFO	06/16/2017 17:53:44 =>	100% of predictions performed
INFO	Results:
INFO	C:0.3%[S:0.3%,D:0.0%],F:1.3%,M:98.4%,n:303
INFO	1 Complete BUSCOs (C)
INFO	1 Complete and single-copy BUSCOs (S)
INFO	0 Complete and duplicated BUSCOs (D)
INFO	4 Fragmented BUSCOs (F)
INFO	298 Missing BUSCOs (M)
INFO	303 Total BUSCO groups searched

INFO	BUSCO analysis done. Total running time: 3.1967990398406982 seconds
INFO	Results written in /home/jeremias/dev/macpipe_trans/run_Macmini2_20170608.good.busco/


INFO	****************** Start a BUSCO 2.0 analysis, current time: 06/20/2017 16:09:33 ******************
INFO	The lineage dataset is: eukaryota_odb9 (eukaryota)
INFO	Mode is: tran
INFO	To reproduce this run: python /home/jeremias/soft/busco/BUSCO.py -i /home/jeremias/dev/macpipe_trans/transrate/Macmini2_20170608.transrate/Macmini2_20170608.Trinity/good.Macmini2_20170608.Trinity.fasta -o Macmini2_20170608.good.busco -l /home/jeremias/soft/busco/eukaryota_odb9/ -m tran -c 14 -sp fly
INFO	Check dependencies...
INFO	Check input file...
INFO	Temp directory is ./tmp/
INFO	****** Step 1/2, current time: 06/20/2017 16:09:33 ******
INFO	Create blast database...
INFO	[makeblastdb]	Building a new DB, current time: 06/20/2017 16:09:33
INFO	[makeblastdb]	New DB name:   ./tmp/Macmini2_20170608.good.busco_1030109953
INFO	[makeblastdb]	New DB title:  /home/jeremias/dev/macpipe_trans/transrate/Macmini2_20170608.transrate/Macmini2_20170608.Trinity/good.Macmini2_20170608.Trinity.fasta
INFO	[makeblastdb]	Sequence type: Nucleotide
INFO	[makeblastdb]	Keep Linkouts: T
INFO	[makeblastdb]	Keep MBits: T
INFO	[makeblastdb]	Maximum file size: 1000000000B
INFO	[makeblastdb]	Adding sequences from FASTA; added 256 sequences in 0.024648 seconds.
INFO	Running tblastn, writing output to /home/jeremias/dev/macpipe_trans/run_Macmini2_20170608.good.busco/blast_output/tblastn_Macmini2_20170608.good.busco.tsv...
INFO	****** Step 2/2, current time: 06/20/2017 16:09:36 ******
INFO	Getting coordinates for candidate transcripts...
INFO	Extracting candidate transcripts...
INFO	Translating candidate transcripts...
INFO	Running HMMER to confirm transcript orthology:
INFO	06/20/2017 16:09:36 =>	0% of predictions performed (11 to be done)
INFO	06/20/2017 16:09:36 =>	100% of predictions performed
INFO	Results:
INFO	C:0.3%[S:0.3%,D:0.0%],F:1.7%,M:98.0%,n:303
INFO	1 Complete BUSCOs (C)
INFO	1 Complete and single-copy BUSCOs (S)
INFO	0 Complete and duplicated BUSCOs (D)
INFO	5 Fragmented BUSCOs (F)
INFO	297 Missing BUSCOs (M)
INFO	303 Total BUSCO groups searched

INFO	BUSCO analysis done. Total running time: 2.8501505851745605 seconds
INFO	Results written in /home/jeremias/dev/macpipe_trans/run_Macmini2_20170608.good.busco/

