
INFO	****************** Start a BUSCO 2.0 analysis, current time: 06/08/2017 23:10:20 ******************
INFO	The lineage dataset is: eukaryota_odb9 (eukaryota)
INFO	Mode is: tran
INFO	To reproduce this run: python /home/jeremias/soft/busco/BUSCO.py -i /home/jeremias/dev/macpipe_trans/trinity/Macmini2_20170608.Trinity.fasta -o Macmini2_20170608.busco -l /home/jeremias/soft/busco/eukaryota_odb9/ -m tran -c 14 -sp fly
INFO	Check dependencies...
INFO	Check input file...
INFO	Temp directory is ./tmp/
INFO	****** Step 1/2, current time: 06/08/2017 23:10:20 ******
INFO	Create blast database...
INFO	[makeblastdb]	Error: (1431.1) FASTA-Reader: Warning: FASTA-Reader: Title is very long: 1202 characters (max is 1000)
INFO	[makeblastdb]	Building a new DB, current time: 06/08/2017 23:10:21
INFO	[makeblastdb]	New DB name:   ./tmp/Macmini2_20170608.busco_352806020
INFO	[makeblastdb]	New DB title:  /home/jeremias/dev/macpipe_trans/trinity/Macmini2_20170608.Trinity.fasta
INFO	[makeblastdb]	Sequence type: Nucleotide
INFO	[makeblastdb]	Keep Linkouts: T
INFO	[makeblastdb]	Keep MBits: T
INFO	[makeblastdb]	Maximum file size: 1000000000B
INFO	[makeblastdb]	Adding sequences from FASTA; added 272 sequences in 0.0352709 seconds.
INFO	Running tblastn, writing output to /home/jeremias/dev/macpipe_trans/run_Macmini2_20170608.busco/blast_output/tblastn_Macmini2_20170608.busco.tsv...
INFO	****** Step 2/2, current time: 06/08/2017 23:10:25 ******
INFO	Getting coordinates for candidate transcripts...
INFO	Extracting candidate transcripts...
INFO	Translating candidate transcripts...
INFO	Running HMMER to confirm transcript orthology:
INFO	06/08/2017 23:10:25 =>	0% of predictions performed (12 to be done)
INFO	06/08/2017 23:10:25 =>	100% of predictions performed
INFO	Results:
INFO	C:0.3%[S:0.3%,D:0.0%],F:1.7%,M:98.0%,n:303
INFO	1 Complete BUSCOs (C)
INFO	1 Complete and single-copy BUSCOs (S)
INFO	0 Complete and duplicated BUSCOs (D)
INFO	5 Fragmented BUSCOs (F)
INFO	297 Missing BUSCOs (M)
INFO	303 Total BUSCO groups searched

INFO	BUSCO analysis done. Total running time: 4.724560499191284 seconds
INFO	Results written in /home/jeremias/dev/macpipe_trans/run_Macmini2_20170608.busco/


INFO	****************** Start a BUSCO 2.0 analysis, current time: 06/16/2017 17:53:41 ******************
INFO	The lineage dataset is: eukaryota_odb9 (eukaryota)
INFO	Mode is: tran
INFO	To reproduce this run: python /home/jeremias/soft/busco/BUSCO.py -i /home/jeremias/dev/macpipe_trans/trinity/Macmini2_20170608.Trinity.fasta -o Macmini2_20170608.busco -l /home/jeremias/soft/busco/eukaryota_odb9/ -m tran -c 14 -sp fly
INFO	Check dependencies...
INFO	Check input file...
INFO	Temp directory is ./tmp/
INFO	****** Step 1/2, current time: 06/16/2017 17:53:41 ******
INFO	Create blast database...
INFO	[makeblastdb]	Building a new DB, current time: 06/16/2017 17:53:41
INFO	[makeblastdb]	New DB name:   ./tmp/Macmini2_20170608.busco_3109337690
INFO	[makeblastdb]	New DB title:  /home/jeremias/dev/macpipe_trans/trinity/Macmini2_20170608.Trinity.fasta
INFO	[makeblastdb]	Sequence type: Nucleotide
INFO	[makeblastdb]	Keep Linkouts: T
INFO	[makeblastdb]	Keep MBits: T
INFO	[makeblastdb]	Maximum file size: 1000000000B
INFO	[makeblastdb]	Adding sequences from FASTA; added 274 sequences in 0.0177119 seconds.
INFO	Running tblastn, writing output to /home/jeremias/dev/macpipe_trans/run_Macmini2_20170608.busco/blast_output/tblastn_Macmini2_20170608.busco.tsv...
INFO	****** Step 2/2, current time: 06/16/2017 17:53:44 ******
INFO	Getting coordinates for candidate transcripts...
INFO	Extracting candidate transcripts...
INFO	Translating candidate transcripts...
INFO	Running HMMER to confirm transcript orthology:
INFO	06/16/2017 17:53:44 =>	0% of predictions performed (11 to be done)
INFO	06/16/2017 17:53:44 =>	10% of predictions performed (5/11 candidate proteins)
INFO	06/16/2017 17:53:44 =>	20% of predictions performed (5/11 candidate proteins)
INFO	06/16/2017 17:53:44 =>	30% of predictions performed (5/11 candidate proteins)
INFO	06/16/2017 17:53:44 =>	40% of predictions performed (5/11 candidate proteins)
INFO	06/16/2017 17:53:44 =>	100% of predictions performed
INFO	Results:
INFO	C:0.3%[S:0.3%,D:0.0%],F:1.3%,M:98.4%,n:303
INFO	1 Complete BUSCOs (C)
INFO	1 Complete and single-copy BUSCOs (S)
INFO	0 Complete and duplicated BUSCOs (D)
INFO	4 Fragmented BUSCOs (F)
INFO	298 Missing BUSCOs (M)
INFO	303 Total BUSCO groups searched

INFO	BUSCO analysis done. Total running time: 3.2894866466522217 seconds
INFO	Results written in /home/jeremias/dev/macpipe_trans/run_Macmini2_20170608.busco/

