
INFO	****************** Start a BUSCO 2.0 analysis, current time: 06/01/2017 18:24:02 ******************
INFO	The lineage dataset is: eukaryota_odb9 (eukaryota)
INFO	Mode is: tran
INFO	To reproduce this run: python /home/jeremias/soft/busco/BUSCO.py -i /home/jeremias/dev/macpipe_trans/transrate/Macmini2.transrate/Macmini2.Trinity/good.Macmini2.Trinity.fasta -o Macmini2.good.busco -l /home/jeremias/soft/busco/eukaryota_odb9/ -m tran -c 2 -sp fly
INFO	Check dependencies...
INFO	Check input file...
INFO	Temp directory is ./tmp/
INFO	****** Step 1/2, current time: 06/01/2017 18:24:02 ******
INFO	Create blast database...
INFO	[makeblastdb]	Building a new DB, current time: 06/01/2017 18:24:02
INFO	[makeblastdb]	New DB name:   ./tmp/Macmini2.good.busco_397930304
INFO	[makeblastdb]	New DB title:  /home/jeremias/dev/macpipe_trans/transrate/Macmini2.transrate/Macmini2.Trinity/good.Macmini2.Trinity.fasta
INFO	[makeblastdb]	Sequence type: Nucleotide
INFO	[makeblastdb]	Keep Linkouts: T
INFO	[makeblastdb]	Keep MBits: T
INFO	[makeblastdb]	Maximum file size: 1000000000B
INFO	[makeblastdb]	Adding sequences from FASTA; added 262 sequences in 0.0299819 seconds.
INFO	Running tblastn, writing output to /home/jeremias/dev/macpipe_trans/run_Macmini2.good.busco/blast_output/tblastn_Macmini2.good.busco.tsv...
INFO	****** Step 2/2, current time: 06/01/2017 18:24:10 ******
INFO	Getting coordinates for candidate transcripts...
INFO	Extracting candidate transcripts...
INFO	Translating candidate transcripts...
INFO	Running HMMER to confirm transcript orthology:
INFO	06/01/2017 18:24:10 =>	0% of predictions performed (11 to be done)
INFO	06/01/2017 18:24:10 =>	10% of predictions performed (2/11 candidate proteins)
INFO	06/01/2017 18:24:10 =>	20% of predictions performed (4/11 candidate proteins)
INFO	06/01/2017 18:24:10 =>	30% of predictions performed (5/11 candidate proteins)
INFO	06/01/2017 18:24:10 =>	40% of predictions performed (6/11 candidate proteins)
INFO	06/01/2017 18:24:10 =>	50% of predictions performed (7/11 candidate proteins)
INFO	06/01/2017 18:24:10 =>	60% of predictions performed (8/11 candidate proteins)
INFO	06/01/2017 18:24:10 =>	70% of predictions performed (9/11 candidate proteins)
INFO	06/01/2017 18:24:10 =>	80% of predictions performed (10/11 candidate proteins)
INFO	06/01/2017 18:24:10 =>	100% of predictions performed
INFO	Results:
INFO	C:0.3%[S:0.3%,D:0.0%],F:1.7%,M:98.0%,n:303
INFO	1 Complete BUSCOs (C)
INFO	1 Complete and single-copy BUSCOs (S)
INFO	0 Complete and duplicated BUSCOs (D)
INFO	5 Fragmented BUSCOs (F)
INFO	297 Missing BUSCOs (M)
INFO	303 Total BUSCO groups searched

INFO	BUSCO analysis done. Total running time: 7.76045560836792 seconds
INFO	Results written in /home/jeremias/dev/macpipe_trans/run_Macmini2.good.busco/

