
INFO	****************** Start a BUSCO 2.0 analysis, current time: 06/01/2017 18:23:54 ******************
INFO	The lineage dataset is: eukaryota_odb9 (eukaryota)
INFO	Mode is: tran
INFO	To reproduce this run: python /home/jeremias/soft/busco/BUSCO.py -i /home/jeremias/dev/macpipe_trans/Macmini1.Trinity.fasta -o Macmini1.busco -l /home/jeremias/soft/busco/eukaryota_odb9/ -m tran -c 2 -sp fly
INFO	Check dependencies...
INFO	Check input file...
INFO	Temp directory is ./tmp/
INFO	****** Step 1/2, current time: 06/01/2017 18:23:54 ******
INFO	Create blast database...
INFO	[makeblastdb]	Building a new DB, current time: 06/01/2017 18:23:54
INFO	[makeblastdb]	New DB name:   ./tmp/Macmini1.busco_2076341267
INFO	[makeblastdb]	New DB title:  /home/jeremias/dev/macpipe_trans/Macmini1.Trinity.fasta
INFO	[makeblastdb]	Sequence type: Nucleotide
INFO	[makeblastdb]	Keep Linkouts: T
INFO	[makeblastdb]	Keep MBits: T
INFO	[makeblastdb]	Maximum file size: 1000000000B
INFO	[makeblastdb]	Adding sequences from FASTA; added 276 sequences in 0.032717 seconds.
INFO	Running tblastn, writing output to /home/jeremias/dev/macpipe_trans/run_Macmini1.busco/blast_output/tblastn_Macmini1.busco.tsv...
INFO	****** Step 2/2, current time: 06/01/2017 18:24:01 ******
INFO	Getting coordinates for candidate transcripts...
INFO	Extracting candidate transcripts...
INFO	Translating candidate transcripts...
INFO	Running HMMER to confirm transcript orthology:
INFO	06/01/2017 18:24:01 =>	0% of predictions performed (12 to be done)
INFO	06/01/2017 18:24:01 =>	10% of predictions performed (3/12 candidate proteins)
INFO	06/01/2017 18:24:01 =>	20% of predictions performed (4/12 candidate proteins)
INFO	06/01/2017 18:24:01 =>	30% of predictions performed (5/12 candidate proteins)
INFO	06/01/2017 18:24:01 =>	40% of predictions performed (5/12 candidate proteins)
INFO	06/01/2017 18:24:02 =>	50% of predictions performed (7/12 candidate proteins)
INFO	06/01/2017 18:24:02 =>	60% of predictions performed (9/12 candidate proteins)
INFO	06/01/2017 18:24:02 =>	70% of predictions performed (9/12 candidate proteins)
INFO	06/01/2017 18:24:02 =>	80% of predictions performed (11/12 candidate proteins)
INFO	06/01/2017 18:24:02 =>	100% of predictions performed
INFO	Results:
INFO	C:0.7%[S:0.7%,D:0.0%],F:1.3%,M:98.0%,n:303
INFO	2 Complete BUSCOs (C)
INFO	2 Complete and single-copy BUSCOs (S)
INFO	0 Complete and duplicated BUSCOs (D)
INFO	4 Fragmented BUSCOs (F)
INFO	297 Missing BUSCOs (M)
INFO	303 Total BUSCO groups searched

INFO	BUSCO analysis done. Total running time: 7.801959037780762 seconds
INFO	Results written in /home/jeremias/dev/macpipe_trans/run_Macmini1.busco/

