
INFO	****************** Start a BUSCO 2.0 analysis, current time: 06/01/2017 18:24:10 ******************
INFO	The lineage dataset is: eukaryota_odb9 (eukaryota)
INFO	Mode is: tran
INFO	To reproduce this run: python /home/jeremias/soft/busco/BUSCO.py -i /home/jeremias/dev/macpipe_trans/transrate/Macmini1.transrate/Macmini1.Trinity/good.Macmini1.Trinity.fasta -o Macmini1.good.busco -l /home/jeremias/soft/busco/eukaryota_odb9/ -m tran -c 2 -sp fly
INFO	Check dependencies...
INFO	Check input file...
INFO	Temp directory is ./tmp/
INFO	****** Step 1/2, current time: 06/01/2017 18:24:10 ******
INFO	Create blast database...
INFO	[makeblastdb]	Building a new DB, current time: 06/01/2017 18:24:10
INFO	[makeblastdb]	New DB name:   ./tmp/Macmini1.good.busco_3116331083
INFO	[makeblastdb]	New DB title:  /home/jeremias/dev/macpipe_trans/transrate/Macmini1.transrate/Macmini1.Trinity/good.Macmini1.Trinity.fasta
INFO	[makeblastdb]	Sequence type: Nucleotide
INFO	[makeblastdb]	Keep Linkouts: T
INFO	[makeblastdb]	Keep MBits: T
INFO	[makeblastdb]	Maximum file size: 1000000000B
INFO	[makeblastdb]	Adding sequences from FASTA; added 256 sequences in 0.0277219 seconds.
INFO	Running tblastn, writing output to /home/jeremias/dev/macpipe_trans/run_Macmini1.good.busco/blast_output/tblastn_Macmini1.good.busco.tsv...
INFO	****** Step 2/2, current time: 06/01/2017 18:24:18 ******
INFO	Getting coordinates for candidate transcripts...
INFO	Extracting candidate transcripts...
INFO	Translating candidate transcripts...
INFO	Running HMMER to confirm transcript orthology:
INFO	06/01/2017 18:24:18 =>	0% of predictions performed (10 to be done)
INFO	06/01/2017 18:24:18 =>	50% of predictions performed (7/10 candidate proteins)
INFO	06/01/2017 18:24:18 =>	100% of predictions performed
INFO	Results:
INFO	C:0.3%[S:0.3%,D:0.0%],F:1.0%,M:98.7%,n:303
INFO	1 Complete BUSCOs (C)
INFO	1 Complete and single-copy BUSCOs (S)
INFO	0 Complete and duplicated BUSCOs (D)
INFO	3 Fragmented BUSCOs (F)
INFO	299 Missing BUSCOs (M)
INFO	303 Total BUSCO groups searched

INFO	BUSCO analysis done. Total running time: 8.033950567245483 seconds
INFO	Results written in /home/jeremias/dev/macpipe_trans/run_Macmini1.good.busco/

