
INFO	****************** Start a BUSCO 2.0 analysis, current time: 06/23/2017 16:22:43 ******************
INFO	The lineage dataset is: eukaryota_odb9 (eukaryota)
INFO	Mode is: tran
INFO	To reproduce this run: python /home/jeremias/soft/busco/BUSCO.py -i /home/jeremias/dev/macpipe_trans/transrate/Macmini1_soap_20170623.transrate/Macmini1_soap_20170623/good.Macmini1_soap_20170623.scafSeq -o Macmini1_soap_20170623.good.busco -l /home/jeremias/soft/busco/eukaryota_odb9/ -m tran -c 14 -sp fly
INFO	Check dependencies...
INFO	Check input file...
INFO	Temp directory is ./tmp/
INFO	****** Step 1/2, current time: 06/23/2017 16:22:43 ******
INFO	Create blast database...
INFO	[makeblastdb]	Building a new DB, current time: 06/23/2017 16:22:43
INFO	[makeblastdb]	New DB name:   /home/jeremias/dev/macpipe_trans/tmp/Macmini1_soap_20170623.good.busco_3257847554
INFO	[makeblastdb]	New DB title:  /home/jeremias/dev/macpipe_trans/transrate/Macmini1_soap_20170623.transrate/Macmini1_soap_20170623/good.Macmini1_soap_20170623.scafSeq
INFO	[makeblastdb]	Sequence type: Nucleotide
INFO	[makeblastdb]	Keep Linkouts: T
INFO	[makeblastdb]	Keep MBits: T
INFO	[makeblastdb]	Maximum file size: 1000000000B
INFO	[makeblastdb]	Adding sequences from FASTA; added 128 sequences in 0.00746417 seconds.
INFO	Running tblastn, writing output to /home/jeremias/dev/macpipe_trans/run_Macmini1_soap_20170623.good.busco/blast_output/tblastn_Macmini1_soap_20170623.good.busco.tsv...
INFO	****** Step 2/2, current time: 06/23/2017 16:22:46 ******
INFO	Getting coordinates for candidate transcripts...
INFO	Extracting candidate transcripts...
INFO	Translating candidate transcripts...
INFO	Running HMMER to confirm transcript orthology:
INFO	06/23/2017 16:22:46 =>	0% of predictions performed (6 to be done)
INFO	06/23/2017 16:22:46 =>	100% of predictions performed
INFO	Results:
INFO	C:0.3%[S:0.3%,D:0.0%],F:0.7%,M:99.0%,n:303
INFO	1 Complete BUSCOs (C)
INFO	1 Complete and single-copy BUSCOs (S)
INFO	0 Complete and duplicated BUSCOs (D)
INFO	2 Fragmented BUSCOs (F)
INFO	300 Missing BUSCOs (M)
INFO	303 Total BUSCO groups searched

INFO	BUSCO analysis done. Total running time: 3.069506883621216 seconds
INFO	Results written in /home/jeremias/dev/macpipe_trans/run_Macmini1_soap_20170623.good.busco/

