
INFO	****************** Start a BUSCO 2.0 analysis, current time: 06/23/2017 16:22:40 ******************
INFO	The lineage dataset is: eukaryota_odb9 (eukaryota)
INFO	Mode is: tran
INFO	To reproduce this run: python /home/jeremias/soft/busco/BUSCO.py -i /home/jeremias/dev/macpipe_trans/transrate/Macmini2_soap_20170623.transrate/Macmini2_soap_20170623/good.Macmini2_soap_20170623.scafSeq -o Macmini2_soap_20170623.good.busco -l /home/jeremias/soft/busco/eukaryota_odb9/ -m tran -c 14 -sp fly
INFO	Check dependencies...
INFO	Check input file...
INFO	Temp directory is ./tmp/
INFO	****** Step 1/2, current time: 06/23/2017 16:22:40 ******
INFO	Create blast database...
INFO	[makeblastdb]	Building a new DB, current time: 06/23/2017 16:22:40
INFO	[makeblastdb]	New DB name:   /home/jeremias/dev/macpipe_trans/tmp/Macmini2_soap_20170623.good.busco_2300694714
INFO	[makeblastdb]	New DB title:  /home/jeremias/dev/macpipe_trans/transrate/Macmini2_soap_20170623.transrate/Macmini2_soap_20170623/good.Macmini2_soap_20170623.scafSeq
INFO	[makeblastdb]	Sequence type: Nucleotide
INFO	[makeblastdb]	Keep Linkouts: T
INFO	[makeblastdb]	Keep MBits: T
INFO	[makeblastdb]	Maximum file size: 1000000000B
INFO	[makeblastdb]	Adding sequences from FASTA; added 185 sequences in 0.0107701 seconds.
INFO	Running tblastn, writing output to /home/jeremias/dev/macpipe_trans/run_Macmini2_soap_20170623.good.busco/blast_output/tblastn_Macmini2_soap_20170623.good.busco.tsv...
INFO	****** Step 2/2, current time: 06/23/2017 16:22:43 ******
INFO	Getting coordinates for candidate transcripts...
INFO	Extracting candidate transcripts...
INFO	Translating candidate transcripts...
INFO	Running HMMER to confirm transcript orthology:
INFO	06/23/2017 16:22:43 =>	0% of predictions performed (8 to be done)
INFO	06/23/2017 16:22:43 =>	100% of predictions performed
INFO	Results:
INFO	C:0.0%[S:0.0%,D:0.0%],F:1.3%,M:98.7%,n:303
INFO	0 Complete BUSCOs (C)
INFO	0 Complete and single-copy BUSCOs (S)
INFO	0 Complete and duplicated BUSCOs (D)
INFO	4 Fragmented BUSCOs (F)
INFO	299 Missing BUSCOs (M)
INFO	303 Total BUSCO groups searched

INFO	BUSCO analysis done. Total running time: 3.1446876525878906 seconds
INFO	Results written in /home/jeremias/dev/macpipe_trans/run_Macmini2_soap_20170623.good.busco/


INFO	****************** Start a BUSCO 2.0 analysis, current time: 06/27/2017 09:30:47 ******************
INFO	The lineage dataset is: eukaryota_odb9 (eukaryota)
INFO	Mode is: tran
INFO	To reproduce this run: python /home/jeremias/soft/busco/BUSCO.py -i /home/jeremias/dev/macpipe_trans/transrate/Macmini2_soap_20170623.transrate/Macmini2_soap_20170623/good.Macmini2_soap_20170623.scafSeq -o Macmini2_soap_20170623.good.busco -l /home/jeremias/soft/busco/eukaryota_odb9/ -m tran -c 14 -sp fly
INFO	Check dependencies...
INFO	Check input file...
INFO	Temp directory is ./tmp/
INFO	****** Step 1/2, current time: 06/27/2017 09:30:47 ******
INFO	Create blast database...
INFO	[makeblastdb]	Building a new DB, current time: 06/27/2017 09:30:47
INFO	[makeblastdb]	New DB name:   /home/jeremias/dev/macpipe_trans/tmp/Macmini2_soap_20170623.good.busco_3929477494
INFO	[makeblastdb]	New DB title:  /home/jeremias/dev/macpipe_trans/transrate/Macmini2_soap_20170623.transrate/Macmini2_soap_20170623/good.Macmini2_soap_20170623.scafSeq
INFO	[makeblastdb]	Sequence type: Nucleotide
INFO	[makeblastdb]	Keep Linkouts: T
INFO	[makeblastdb]	Keep MBits: T
INFO	[makeblastdb]	Maximum file size: 1000000000B
INFO	[makeblastdb]	Adding sequences from FASTA; added 201 sequences in 0.0068109 seconds.
INFO	Running tblastn, writing output to /home/jeremias/dev/macpipe_trans/run_Macmini2_soap_20170623.good.busco/blast_output/tblastn_Macmini2_soap_20170623.good.busco.tsv...
INFO	****** Step 2/2, current time: 06/27/2017 09:30:50 ******
INFO	Getting coordinates for candidate transcripts...
INFO	Extracting candidate transcripts...
INFO	Translating candidate transcripts...
INFO	Running HMMER to confirm transcript orthology:
INFO	06/27/2017 09:30:50 =>	0% of predictions performed (8 to be done)
INFO	06/27/2017 09:30:50 =>	100% of predictions performed
INFO	Results:
INFO	C:0.0%[S:0.0%,D:0.0%],F:1.3%,M:98.7%,n:303
INFO	0 Complete BUSCOs (C)
INFO	0 Complete and single-copy BUSCOs (S)
INFO	0 Complete and duplicated BUSCOs (D)
INFO	4 Fragmented BUSCOs (F)
INFO	299 Missing BUSCOs (M)
INFO	303 Total BUSCO groups searched

INFO	BUSCO analysis done. Total running time: 3.065443992614746 seconds
INFO	Results written in /home/jeremias/dev/macpipe_trans/run_Macmini2_soap_20170623.good.busco/


INFO	****************** Start a BUSCO 2.0 analysis, current time: 06/27/2017 10:36:29 ******************
INFO	The lineage dataset is: eukaryota_odb9 (eukaryota)
INFO	Mode is: tran
INFO	To reproduce this run: python /home/jeremias/soft/busco/BUSCO.py -i /home/jeremias/dev/macpipe_trans/transrate/Macmini2_soap_20170623.transrate/Macmini2_soap_20170623/good.Macmini2_soap_20170623.scafSeq -o Macmini2_soap_20170623.good.busco -l /home/jeremias/soft/busco/eukaryota_odb9/ -m tran -c 14 -sp fly
INFO	Check dependencies...
INFO	Check input file...
INFO	Temp directory is ./tmp/
INFO	****** Step 1/2, current time: 06/27/2017 10:36:29 ******
INFO	Create blast database...
INFO	[makeblastdb]	Building a new DB, current time: 06/27/2017 10:36:29
INFO	[makeblastdb]	New DB name:   /home/jeremias/dev/macpipe_trans/tmp/Macmini2_soap_20170623.good.busco_2725753633
INFO	[makeblastdb]	New DB title:  /home/jeremias/dev/macpipe_trans/transrate/Macmini2_soap_20170623.transrate/Macmini2_soap_20170623/good.Macmini2_soap_20170623.scafSeq
INFO	[makeblastdb]	Sequence type: Nucleotide
INFO	[makeblastdb]	Keep Linkouts: T
INFO	[makeblastdb]	Keep MBits: T
INFO	[makeblastdb]	Maximum file size: 1000000000B
INFO	[makeblastdb]	Adding sequences from FASTA; added 179 sequences in 0.00680804 seconds.
INFO	Running tblastn, writing output to /home/jeremias/dev/macpipe_trans/run_Macmini2_soap_20170623.good.busco/blast_output/tblastn_Macmini2_soap_20170623.good.busco.tsv...
INFO	****** Step 2/2, current time: 06/27/2017 10:36:33 ******
INFO	Getting coordinates for candidate transcripts...
INFO	Extracting candidate transcripts...
INFO	Translating candidate transcripts...
INFO	Running HMMER to confirm transcript orthology:
INFO	06/27/2017 10:36:33 =>	0% of predictions performed (8 to be done)
INFO	06/27/2017 10:36:33 =>	100% of predictions performed
INFO	Results:
INFO	C:0.0%[S:0.0%,D:0.0%],F:1.3%,M:98.7%,n:303
INFO	0 Complete BUSCOs (C)
INFO	0 Complete and single-copy BUSCOs (S)
INFO	0 Complete and duplicated BUSCOs (D)
INFO	4 Fragmented BUSCOs (F)
INFO	299 Missing BUSCOs (M)
INFO	303 Total BUSCO groups searched

INFO	BUSCO analysis done. Total running time: 3.716021776199341 seconds
INFO	Results written in /home/jeremias/dev/macpipe_trans/run_Macmini2_soap_20170623.good.busco/


INFO	****************** Start a BUSCO 2.0 analysis, current time: 06/27/2017 10:37:34 ******************
INFO	The lineage dataset is: eukaryota_odb9 (eukaryota)
INFO	Mode is: tran
INFO	To reproduce this run: python /home/jeremias/soft/busco/BUSCO.py -i /home/jeremias/dev/macpipe_trans/transrate/Macmini2_soap_20170623.transrate/Macmini2_soap_20170623/good.Macmini2_soap_20170623.scafSeq -o Macmini2_soap_20170623.good.busco -l /home/jeremias/soft/busco/eukaryota_odb9/ -m tran -c 14 -sp fly
INFO	Check dependencies...
INFO	Check input file...
INFO	Temp directory is ./tmp/
INFO	****** Step 1/2, current time: 06/27/2017 10:37:34 ******
INFO	Create blast database...
INFO	[makeblastdb]	Building a new DB, current time: 06/27/2017 10:37:34
INFO	[makeblastdb]	New DB name:   /home/jeremias/dev/macpipe_trans/tmp/Macmini2_soap_20170623.good.busco_2659907101
INFO	[makeblastdb]	New DB title:  /home/jeremias/dev/macpipe_trans/transrate/Macmini2_soap_20170623.transrate/Macmini2_soap_20170623/good.Macmini2_soap_20170623.scafSeq
INFO	[makeblastdb]	Sequence type: Nucleotide
INFO	[makeblastdb]	Keep Linkouts: T
INFO	[makeblastdb]	Keep MBits: T
INFO	[makeblastdb]	Maximum file size: 1000000000B
INFO	[makeblastdb]	Adding sequences from FASTA; added 201 sequences in 0.0100169 seconds.
INFO	Running tblastn, writing output to /home/jeremias/dev/macpipe_trans/run_Macmini2_soap_20170623.good.busco/blast_output/tblastn_Macmini2_soap_20170623.good.busco.tsv...
INFO	****** Step 2/2, current time: 06/27/2017 10:37:37 ******
INFO	Getting coordinates for candidate transcripts...
INFO	Extracting candidate transcripts...
INFO	Translating candidate transcripts...
INFO	Running HMMER to confirm transcript orthology:
INFO	06/27/2017 10:37:37 =>	0% of predictions performed (8 to be done)
INFO	06/27/2017 10:37:37 =>	100% of predictions performed
INFO	Results:
INFO	C:0.0%[S:0.0%,D:0.0%],F:1.3%,M:98.7%,n:303
INFO	0 Complete BUSCOs (C)
INFO	0 Complete and single-copy BUSCOs (S)
INFO	0 Complete and duplicated BUSCOs (D)
INFO	4 Fragmented BUSCOs (F)
INFO	299 Missing BUSCOs (M)
INFO	303 Total BUSCO groups searched

INFO	BUSCO analysis done. Total running time: 3.2935431003570557 seconds
INFO	Results written in /home/jeremias/dev/macpipe_trans/run_Macmini2_soap_20170623.good.busco/

