
INFO	****************** Start a BUSCO 2.0 analysis, current time: 06/01/2017 18:23:44 ******************
INFO	The lineage dataset is: eukaryota_odb9 (eukaryota)
INFO	Mode is: tran
INFO	To reproduce this run: python /home/jeremias/soft/busco/BUSCO.py -i /home/jeremias/dev/macpipe_trans/Macmini2.Trinity.fasta -o Macmini2.busco -l /home/jeremias/soft/busco/eukaryota_odb9/ -m tran -c 2 -sp fly
INFO	Check dependencies...
INFO	Check input file...
INFO	Temp directory is ./tmp/
INFO	****** Step 1/2, current time: 06/01/2017 18:23:44 ******
INFO	Create blast database...
INFO	[makeblastdb]	Building a new DB, current time: 06/01/2017 18:23:45
INFO	[makeblastdb]	New DB name:   ./tmp/Macmini2.busco_3247086764
INFO	[makeblastdb]	New DB title:  /home/jeremias/dev/macpipe_trans/Macmini2.Trinity.fasta
INFO	[makeblastdb]	Sequence type: Nucleotide
INFO	[makeblastdb]	Keep Linkouts: T
INFO	[makeblastdb]	Keep MBits: T
INFO	[makeblastdb]	Maximum file size: 1000000000B
INFO	[makeblastdb]	Adding sequences from FASTA; added 287 sequences in 0.0208201 seconds.
INFO	Running tblastn, writing output to /home/jeremias/dev/macpipe_trans/run_Macmini2.busco/blast_output/tblastn_Macmini2.busco.tsv...
INFO	****** Step 2/2, current time: 06/01/2017 18:23:53 ******
INFO	Getting coordinates for candidate transcripts...
INFO	Extracting candidate transcripts...
INFO	Translating candidate transcripts...
INFO	Running HMMER to confirm transcript orthology:
INFO	06/01/2017 18:23:53 =>	0% of predictions performed (12 to be done)
INFO	06/01/2017 18:23:53 =>	10% of predictions performed (2/12 candidate proteins)
INFO	06/01/2017 18:23:53 =>	20% of predictions performed (4/12 candidate proteins)
INFO	06/01/2017 18:23:53 =>	30% of predictions performed (4/12 candidate proteins)
INFO	06/01/2017 18:23:53 =>	40% of predictions performed (6/12 candidate proteins)
INFO	06/01/2017 18:23:53 =>	50% of predictions performed (7/12 candidate proteins)
INFO	06/01/2017 18:23:53 =>	60% of predictions performed (9/12 candidate proteins)
INFO	06/01/2017 18:23:53 =>	70% of predictions performed (10/12 candidate proteins)
INFO	06/01/2017 18:23:53 =>	80% of predictions performed (10/12 candidate proteins)
INFO	06/01/2017 18:23:53 =>	100% of predictions performed
INFO	Results:
INFO	C:0.3%[S:0.3%,D:0.0%],F:1.7%,M:98.0%,n:303
INFO	1 Complete BUSCOs (C)
INFO	1 Complete and single-copy BUSCOs (S)
INFO	0 Complete and duplicated BUSCOs (D)
INFO	5 Fragmented BUSCOs (F)
INFO	297 Missing BUSCOs (M)
INFO	303 Total BUSCO groups searched

INFO	BUSCO analysis done. Total running time: 9.297789096832275 seconds
INFO	Results written in /home/jeremias/dev/macpipe_trans/run_Macmini2.busco/

