/home/jeremias/soft/transrate-1.0.2-linux-x86_64/lib/app/ruby/2.2.0/gems/bio-1.5.0/lib/bio/db/fasta/defline.rb:239:in `add_defline': Interrupt
	from /home/jeremias/soft/transrate-1.0.2-linux-x86_64/lib/app/ruby/2.2.0/gems/bio-1.5.0/lib/bio/db/fasta/defline.rb:189:in `block in initialize'
	from /home/jeremias/soft/transrate-1.0.2-linux-x86_64/lib/app/ruby/2.2.0/gems/bio-1.5.0/lib/bio/db/fasta/defline.rb:188:in `each'
	from /home/jeremias/soft/transrate-1.0.2-linux-x86_64/lib/app/ruby/2.2.0/gems/bio-1.5.0/lib/bio/db/fasta/defline.rb:188:in `initialize'
	from /home/jeremias/soft/transrate-1.0.2-linux-x86_64/lib/app/ruby/2.2.0/gems/bio-1.5.0/lib/bio/db/fasta.rb:245:in `new'
	from /home/jeremias/soft/transrate-1.0.2-linux-x86_64/lib/app/ruby/2.2.0/gems/bio-1.5.0/lib/bio/db/fasta.rb:245:in `identifiers'
	from /home/jeremias/soft/transrate-1.0.2-linux-x86_64/lib/app/ruby/2.2.0/gems/bio-1.5.0/lib/bio/db/fasta.rb:254:in `entry_id'
	from /home/jeremias/soft/transrate-1.0.2-linux-x86_64/lib/app/lib/transrate/contig.rb:28:in `initialize'
	from /home/jeremias/soft/transrate-1.0.2-linux-x86_64/lib/app/lib/transrate/assembly.rb:56:in `new'
	from /home/jeremias/soft/transrate-1.0.2-linux-x86_64/lib/app/lib/transrate/assembly.rb:56:in `block in initialize'
	from /home/jeremias/soft/transrate-1.0.2-linux-x86_64/lib/app/ruby/2.2.0/gems/bio-1.5.0/lib/bio/io/flatfile.rb:336:in `each_entry'
	from /home/jeremias/soft/transrate-1.0.2-linux-x86_64/lib/app/lib/transrate/assembly.rb:50:in `initialize'
	from /home/jeremias/soft/transrate-1.0.2-linux-x86_64/lib/app/lib/transrate/cmdline.rb:374:in `new'
	from /home/jeremias/soft/transrate-1.0.2-linux-x86_64/lib/app/lib/transrate/cmdline.rb:374:in `analyse_assembly'
	from /home/jeremias/soft/transrate-1.0.2-linux-x86_64/lib/app/lib/transrate/cmdline.rb:38:in `block (2 levels) in run'
	from /home/jeremias/soft/transrate-1.0.2-linux-x86_64/lib/app/lib/transrate/cmdline.rb:37:in `zip'
	from /home/jeremias/soft/transrate-1.0.2-linux-x86_64/lib/app/lib/transrate/cmdline.rb:37:in `block in run'
	from /home/jeremias/soft/transrate-1.0.2-linux-x86_64/lib/app/lib/transrate/cmdline.rb:32:in `chdir'
	from /home/jeremias/soft/transrate-1.0.2-linux-x86_64/lib/app/lib/transrate/cmdline.rb:32:in `run'
	from /home/jeremias/soft/transrate-1.0.2-linux-x86_64/lib/app/bin/transrate:23:in `<main>'
