
The version 1.03: released on July 19th, 2013

pregraph -s soap/Macmini2_soap_20170623.config -K 31 -p 14 -o soap/Macmini2_soap_20170623 
In soap/Macmini2_soap_20170623.config, 1 libs, max seq len 100, max name len 256

14 thread created
read from file:
 /home/jeremias/dev/macpipe_trans/data/Macmini2_R1.fq.gz
read from file:
 /home/jeremias/dev/macpipe_trans/data/Macmini2_R2.fq.gz
time spent on hash reads: 0s, 20000 reads processed
[LIB] 0, avg_ins 150, reverse 0 
940624 nodes allocated, 1400000 kmer in reads, 1400000 kmer processed
916988 linear nodes
time spent on marking linear nodes 0s
time spent on pre-graph construction: 0s

deLowKmer 0, deLowEdge 1
Start to remove kmer of out frequency kmers < 0.050000
105 kmers off
14 thread created
0 linear nodes
time spent on cut kmer: 0s

Start to remove tips of single frequency kmers short than 62
12943 tips off
14 thread created
1297 linear nodes
Start to remove tips which don't contribute the most links
kmer set 0 done
kmer set 1 done
kmer set 2 done
kmer set 3 done
kmer set 4 done
kmer set 5 done
kmer set 6 done
kmer set 7 done
kmer set 8 done
kmer set 9 done
kmer set 10 done
kmer set 11 done
kmer set 12 done
kmer set 13 done
4347 tips off
14 thread created
0 linear nodes
time spent on cutTipe: 1s

14332 (7166) edges 200 extra nodes
time spent on making edges: 0s

In file: soap/Macmini2_soap_20170623.config, max seq len 100, max name len 256

14 thread created
read from file:
 /home/jeremias/dev/macpipe_trans/data/Macmini2_R1.fq.gz
read from file:
 /home/jeremias/dev/macpipe_trans/data/Macmini2_R2.fq.gz
20000 reads processed
time 0,0,0,0,0,0,0
0 markers outputed
done mapping reads, 9477 reads deleted, 4483 arcs created
[LIB] 0, avg_ins 150, reverse 0 
time spent on mapping reads: 0s

11189 vertex outputed
overall time for lightgraph: 0m

contig -g soap/Macmini2_soap_20170623 -M 1 
there're 11189 kmers in vertex file
there're 14332 edge in edge file
done sort
input 14332 edges
6042 pre-arcs loaded
start to pinch bubbles, cutoff 0.100000, MAX NODE NUM 3, MAX DIFF 2
5334 startingPoints, 1832 dheap nodes
465 pairs found, 223 pairs of paths compared, 179 pairs merged
sequenc compare failure: 0 26 18 0
DFibHeap: 30 Nodes allocated
a linear concatenation lap, 418 concatenated
a linear concatenation lap, 13 concatenated
a linear concatenation lap, 0 concatenated
13106 edges in graph
time spent on bubblePinch: 0s

Start to remove the low coverage edge < 2
4527 edges removed

strict 0, cutLen 62
a cutTipsInGraph lap, 454 tips cut
a cutTipsInGraph lap, 59 tips cut
a cutTipsInGraph lap, 32 tips cut
a cutTipsInGraph lap, 8 tips cut
a cutTipsInGraph lap, 2 tips cut
a cutTipsInGraph lap, 3 tips cut
a cutTipsInGraph lap, 1 tips cut
a cutTipsInGraph lap, 0 tips cut
128 dead arcs removed
a linear concatenation lap, 348 concatenated
a linear concatenation lap, 14 concatenated
a linear concatenation lap, 0 concatenated
2544 edges in graph
there're 14332 edges
after compacting 2544 edges left

delete unlike arc :360
1 time to delete light arcs 
48 loops removed in Graph
Start to remove light arc using the rate 0.050000 and 0.020000
delete light arc :0/0

217 short contig(<48) removed 
a linear concatenation lap, 41 concatenated
a linear concatenation lap, 0 concatenated
2028 edges in graph
there're 2544 edges
after compacting 2028 edges left

491 ctgs longer than 100, sum up 83122bp, with average length 169
the longest is 1523bp, contig N50 is 171 bp,contig N90 is 100 bp
1014 contigs longer than 32 output
time elapsed: 0m

map -s soap/Macmini2_soap_20170623.config -g soap/Macmini2_soap_20170623 -p 14 -K 31 
K = 31
contig len cutoff: 33

there're 1014 contigs in file: soap/Macmini2_soap_20170623, max seq len 1523, min seq len 35, max name len 10
time spent on parse contigs file 0s
14 thread created
time spent on hash reads: 0s
102490 nodes allocated, 102535 kmer in reads, 102535 kmer processed
time spent on De bruijn graph construction: 0s

In file: soap/Macmini2_soap_20170623.config, max seq len 100, max name len 256

14 thread created
2028 edges in graph
read from file:
 /home/jeremias/dev/macpipe_trans/data/Macmini2_R1.fq.gz
read from file:
 /home/jeremias/dev/macpipe_trans/data/Macmini2_R2.fq.gz
current insert size 150, map_len 32
Output 385 out of 20000 (1.9)% reads in gaps
5556 out of 20000 (27.8)% reads mapped to contigs
1 pe insert size, the largest boundary is 20000

[LIB] 0, avg_ins 150, reverse 0 
time spent on mapping reads: 1s

overall time for alignment: 0m

scaff -g soap/Macmini2_soap_20170623 -p 14 
there're 1 grads, 20000 reads, max read len 100
K = 31
there're 2028 edge in edge file
32 arcs loaded
input 1014 contigs
done loading updated edges
time spent on loading edges 0s

for insert size: 150
Total_PE_link	Same_contig_right	Same_contig_wrong	Minus_dis_PE	Plus_dis_PE	Correct_PE	Accumulate_connect
2656	2565	0	34	0	53	78
Using contigs longer than 150 to estimate insert size: 
Pair_num	SD	insert_size
1261	SD=35, 39 new connections
all PEs attached
time spent on loading pair end info 0s


10 link to masked contigs, 0 links on a single scaff
Insert size 150: 38 links input
Cutoff for number of pairs to make a reliable connection: 3
all links loaded
time spent on creating scaffolds 0s

mask the short contigs, which are shorter than 100
7 links built by the informations of single read
46 weak connections(<3) removed (there were 58 active cnnects))
4 simple loops found and removed in graph
Begin to linearize the graph
Delete the unnecessary connections : 0+0
Remove the error connections
0 complex loops found and removed in graph
The second time to linearize the graph 
Delete the unnecessary connections : 0+0
Divided into 228 loci by the connections

There are 3 locis, which contain more than 2 contigs
The loci can be classified to four kinds:
LINEAR:3
FORK:0
BUBBLE:0
COMPLEX:0
time spent on creating transcriptome 0s
Done with 3 scaffolds, 0 gaps finished, 3 gaps overall
time elapsed: 0m
time for the whole pipeline: 0m
