
The version 1.03: released on July 19th, 2013

pregraph -s soap/Macmini1_soap_20170623.config -K 31 -p 14 -o soap/Macmini1_soap_20170623 
In soap/Macmini1_soap_20170623.config, 1 libs, max seq len 100, max name len 256

14 thread created
read from file:
 /home/jeremias/dev/macpipe_trans/data/Macmini1_R1_trim.fq.gz
read from file:
 /home/jeremias/dev/macpipe_trans/data/Macmini1_R2_trim.fq.gz
time spent on hash reads: 1s, 19008 reads processed
[LIB] 0, avg_ins 150, reverse 0 
895296 nodes allocated, 1321500 kmer in reads, 1321500 kmer processed
873372 linear nodes
time spent on marking linear nodes 0s
time spent on pre-graph construction: 1s

deLowKmer 0, deLowEdge 1
Start to remove kmer of out frequency kmers < 0.050000
100 kmers off
14 thread created
0 linear nodes
time spent on cut kmer: 0s

Start to remove tips of single frequency kmers short than 62
12304 tips off
14 thread created
1060 linear nodes
Start to remove tips which don't contribute the most links
kmer set 0 done
kmer set 1 done
kmer set 2 done
kmer set 3 done
kmer set 4 done
kmer set 5 done
kmer set 6 done
kmer set 7 done
kmer set 8 done
kmer set 9 done
kmer set 10 done
kmer set 11 done
kmer set 12 done
kmer set 13 done
4160 tips off
14 thread created
0 linear nodes
time spent on cutTipe: 0s

12982 (6492) edges 193 extra nodes
time spent on making edges: 0s

In file: soap/Macmini1_soap_20170623.config, max seq len 100, max name len 256

14 thread created
read from file:
 /home/jeremias/dev/macpipe_trans/data/Macmini1_R1_trim.fq.gz
read from file:
 /home/jeremias/dev/macpipe_trans/data/Macmini1_R2_trim.fq.gz
19008 reads processed
time 0,0,0,0,0,0,0
0 markers outputed
done mapping reads, 9113 reads deleted, 3943 arcs created
[LIB] 0, avg_ins 150, reverse 0 
time spent on mapping reads: 1s

10260 vertex outputed
overall time for lightgraph: 0m

contig -g soap/Macmini1_soap_20170623 -M 1 
there're 10260 kmers in vertex file
there're 12982 edge in edge file
done sort
input 12982 edges
5238 pre-arcs loaded
start to pinch bubbles, cutoff 0.100000, MAX NODE NUM 3, MAX DIFF 2
4900 startingPoints, 1590 dheap nodes
399 pairs found, 183 pairs of paths compared, 149 pairs merged
sequenc compare failure: 0 24 10 0
DFibHeap: 32 Nodes allocated
a linear concatenation lap, 362 concatenated
a linear concatenation lap, 15 concatenated
a linear concatenation lap, 1 concatenated
a linear concatenation lap, 0 concatenated
11926 edges in graph
time spent on bubblePinch: 0s

Start to remove the low coverage edge < 2
4048 edges removed

strict 0, cutLen 62
a cutTipsInGraph lap, 415 tips cut
a cutTipsInGraph lap, 64 tips cut
a cutTipsInGraph lap, 31 tips cut
a cutTipsInGraph lap, 7 tips cut
a cutTipsInGraph lap, 4 tips cut
a cutTipsInGraph lap, 4 tips cut
a cutTipsInGraph lap, 0 tips cut
136 dead arcs removed
a linear concatenation lap, 296 concatenated
a linear concatenation lap, 6 concatenated
a linear concatenation lap, 0 concatenated
2458 edges in graph
there're 12982 edges
after compacting 2460 edges left

delete unlike arc :314
1 time to delete light arcs 
82 loops removed in Graph
Start to remove light arc using the rate 0.050000 and 0.020000
delete light arc :0/0

210 short contig(<48) removed 
a linear concatenation lap, 19 concatenated
a linear concatenation lap, 2 concatenated
a linear concatenation lap, 0 concatenated
2000 edges in graph
there're 2460 edges
after compacting 2000 edges left

474 ctgs longer than 100, sum up 78893bp, with average length 166
the longest is 1664bp, contig N50 is 165 bp,contig N90 is 100 bp
1000 contigs longer than 32 output
time elapsed: 0m

map -s soap/Macmini1_soap_20170623.config -g soap/Macmini1_soap_20170623 -p 14 -K 31 
K = 31
contig len cutoff: 33

there're 1000 contigs in file: soap/Macmini1_soap_20170623, max seq len 1664, min seq len 41, max name len 10
time spent on parse contigs file 0s
14 thread created
time spent on hash reads: 0s
99253 nodes allocated, 99291 kmer in reads, 99291 kmer processed
time spent on De bruijn graph construction: 0s

In file: soap/Macmini1_soap_20170623.config, max seq len 100, max name len 256

14 thread created
2000 edges in graph
read from file:
 /home/jeremias/dev/macpipe_trans/data/Macmini1_R1_trim.fq.gz
read from file:
 /home/jeremias/dev/macpipe_trans/data/Macmini1_R2_trim.fq.gz
current insert size 150, map_len 32
Output 369 out of 19008 (1.9)% reads in gaps
5229 out of 19008 (27.5)% reads mapped to contigs
1 pe insert size, the largest boundary is 19008

[LIB] 0, avg_ins 150, reverse 0 
time spent on mapping reads: 0s

overall time for alignment: 0m

scaff -g soap/Macmini1_soap_20170623 -p 14 
there're 1 grads, 19008 reads, max read len 100
K = 31
there're 2000 edge in edge file
36 arcs loaded
input 1000 contigs
done loading updated edges
time spent on loading edges 0s

for insert size: 150
Total_PE_link	Same_contig_right	Same_contig_wrong	Minus_dis_PE	Plus_dis_PE	Correct_PE	Accumulate_connect
2512	2406	0	30	0	69	94
Using contigs longer than 150 to estimate insert size: 
Pair_num	SD	insert_size
1103	SD=35, 47 new connections
all PEs attached
time spent on loading pair end info 0s


7 link to masked contigs, 0 links on a single scaff
Insert size 150: 46 links input
Cutoff for number of pairs to make a reliable connection: 3
all links loaded
time spent on creating scaffolds 0s

mask the short contigs, which are shorter than 100
13 links built by the informations of single read
70 weak connections(<3) removed (there were 80 active cnnects))
0 simple loops found and removed in graph
Begin to linearize the graph
Delete the unnecessary connections : 0+0
Remove the error connections
0 complex loops found and removed in graph
The second time to linearize the graph 
Delete the unnecessary connections : 0+0
Divided into 213 loci by the connections

There are 3 locis, which contain more than 2 contigs
The loci can be classified to four kinds:
LINEAR:3
FORK:0
BUBBLE:0
COMPLEX:0
time spent on creating transcriptome 0s
Done with 3 scaffolds, 0 gaps finished, 3 gaps overall
time elapsed: 0m
time for the whole pipeline: 0m
